fatal error: runtime: out of memory

runtime stack:
runtime.throw(0x5f4a60, 0x16)
	/tmp/go-fuzz-build463849721/goroot/src/runtime/panic.go:619 +0x81
runtime.sysMap(0xc420100000, 0x7d590000, 0xc420000100, 0x70d298)
	/tmp/go-fuzz-build463849721/goroot/src/runtime/mem_linux.go:216 +0x20a
runtime.(*mheap).sysAlloc(0x6f4b60, 0x7d590000, 0x7f44e7d93860)
	/tmp/go-fuzz-build463849721/goroot/src/runtime/malloc.go:470 +0xd4
runtime.(*mheap).grow(0x6f4b60, 0x3eac7, 0x0)
	/tmp/go-fuzz-build463849721/goroot/src/runtime/mheap.go:907 +0x60
runtime.(*mheap).allocSpanLocked(0x6f4b60, 0x3eac7, 0x70d2a8, 0x7ffe7ee2bdf0)
	/tmp/go-fuzz-build463849721/goroot/src/runtime/mheap.go:820 +0x301
runtime.(*mheap).alloc_m(0x6f4b60, 0x3eac7, 0x410101, 0xc41fff87ff)
	/tmp/go-fuzz-build463849721/goroot/src/runtime/mheap.go:686 +0x118
runtime.(*mheap).alloc.func1()
	/tmp/go-fuzz-build463849721/goroot/src/runtime/mheap.go:753 +0x4d
runtime.(*mheap).alloc(0x6f4b60, 0x3eac7, 0x7ffe7e010101, 0x7ffe7efc8cbe)
	/tmp/go-fuzz-build463849721/goroot/src/runtime/mheap.go:752 +0x8a
runtime.largeAlloc(0x7d58da7a, 0x101, 0xc420049ea0)
	/tmp/go-fuzz-build463849721/goroot/src/runtime/malloc.go:826 +0x94
runtime.mallocgc.func1()
	/tmp/go-fuzz-build463849721/goroot/src/runtime/malloc.go:721 +0x46
runtime.systemstack(0x0)
	/tmp/go-fuzz-build463849721/goroot/src/runtime/asm_amd64.s:409 +0x79
runtime.mstart()
	/tmp/go-fuzz-build463849721/goroot/src/runtime/proc.go:1170

goroutine 1 [running]:
runtime.systemstack_switch()
	/tmp/go-fuzz-build463849721/goroot/src/runtime/asm_amd64.s:363 fp=0xc4200498f0 sp=0xc4200498e8 pc=0x44f880
runtime.mallocgc(0x7d58da7a, 0x5b8f40, 0x1, 0x20)
	/tmp/go-fuzz-build463849721/goroot/src/runtime/malloc.go:720 +0x8a2 fp=0xc420049990 sp=0xc4200498f0 pc=0x40f932
runtime.makeslice(0x5b8f40, 0x7d58da7a, 0x7d58da7a, 0x5940b0, 0xc42009f220, 0x7a)
	/tmp/go-fuzz-build463849721/goroot/src/runtime/slice.go:61 +0x77 fp=0xc4200499c0 sp=0xc420049990 pc=0x43c057
gx/ipfs/QmcrriCMhjb5ZWzmPNxmP53px47tSPcXBNaMtLdgcKFJYk/refmt/shared.(*SlickReaderStream).Readnzc(0xc42005f5c0, 0x7d58da7a, 0x7d58da7a, 0x0, 0x0, 0x1, 0x1)
	/tmp/go-fuzz-build463849721/gopath/src/gx/ipfs/QmcrriCMhjb5ZWzmPNxmP53px47tSPcXBNaMtLdgcKFJYk/refmt/shared/reader.go:97 +0x169 fp=0xc420049a18 sp=0xc4200499c0 pc=0x57b1a9
gx/ipfs/QmcrriCMhjb5ZWzmPNxmP53px47tSPcXBNaMtLdgcKFJYk/refmt/cbor.(*Decoder).decodeString(0xc42009f220, 0xc42000a37a, 0x57b135, 0xc42005f5c0, 0xc420049af0, 0x57bee6)
	/tmp/go-fuzz-build463849721/gopath/src/gx/ipfs/QmcrriCMhjb5ZWzmPNxmP53px47tSPcXBNaMtLdgcKFJYk/refmt/cbor/cborDecoderTerminals.go:180 +0xe6 fp=0xc420049a70 sp=0xc420049a18 pc=0x594b66
gx/ipfs/QmcrriCMhjb5ZWzmPNxmP53px47tSPcXBNaMtLdgcKFJYk/refmt/cbor.(*Decoder).stepHelper_acceptValue(0xc42009f220, 0xc42000a37a, 0xc4200bfab0, 0x0, 0x0, 0x57bee6)
	/tmp/go-fuzz-build463849721/gopath/src/gx/ipfs/QmcrriCMhjb5ZWzmPNxmP53px47tSPcXBNaMtLdgcKFJYk/refmt/cbor/cborDecoder.go:230 +0xa39 fp=0xc420049b70 sp=0xc420049a70 pc=0x5930b9
gx/ipfs/QmcrriCMhjb5ZWzmPNxmP53px47tSPcXBNaMtLdgcKFJYk/refmt/cbor.(*Decoder).stepHelper_acceptValue(0xc42009f220, 0xd9, 0xc4200bfab0, 0x0, 0x0, 0x6efe00)
	/tmp/go-fuzz-build463849721/gopath/src/gx/ipfs/QmcrriCMhjb5ZWzmPNxmP53px47tSPcXBNaMtLdgcKFJYk/refmt/cbor/cborDecoder.go:269 +0x30f fp=0xc420049c70 sp=0xc420049b70 pc=0x59298f
gx/ipfs/QmcrriCMhjb5ZWzmPNxmP53px47tSPcXBNaMtLdgcKFJYk/refmt/cbor.(*Decoder).step_acceptValue(0xc42009f220, 0xc4200bfab0, 0xc42000e550, 0x0, 0x6efe00)
	/tmp/go-fuzz-build463849721/gopath/src/gx/ipfs/QmcrriCMhjb5ZWzmPNxmP53px47tSPcXBNaMtLdgcKFJYk/refmt/cbor/cborDecoder.go:70 +0xe4 fp=0xc420049cb0 sp=0xc420049c70 pc=0x591b74
gx/ipfs/QmcrriCMhjb5ZWzmPNxmP53px47tSPcXBNaMtLdgcKFJYk/refmt/cbor.(*Decoder).(gx/ipfs/QmcrriCMhjb5ZWzmPNxmP53px47tSPcXBNaMtLdgcKFJYk/refmt/cbor.step_acceptValue)-fm(0xc4200bfab0, 0x5e78e0, 0x5c5001, 0xc4200bfab0)
	/tmp/go-fuzz-build463849721/gopath/src/gx/ipfs/QmcrriCMhjb5ZWzmPNxmP53px47tSPcXBNaMtLdgcKFJYk/refmt/cbor/cborDecoder.go:25 +0x34 fp=0xc420049ce8 sp=0xc420049cb0 pc=0x598f94
gx/ipfs/QmcrriCMhjb5ZWzmPNxmP53px47tSPcXBNaMtLdgcKFJYk/refmt/cbor.(*Decoder).Step(0xc42009f220, 0xc4200bfab0, 0x5cecc0, 0x5d7401, 0xc42000e550)
	/tmp/go-fuzz-build463849721/gopath/src/gx/ipfs/QmcrriCMhjb5ZWzmPNxmP53px47tSPcXBNaMtLdgcKFJYk/refmt/cbor/cborDecoder.go:38 +0x50 fp=0xc420049d18 sp=0xc420049ce8 pc=0x5918c0
gx/ipfs/QmcrriCMhjb5ZWzmPNxmP53px47tSPcXBNaMtLdgcKFJYk/refmt/shared.TokenPump.Run(0x6111a0, 0xc42009f220, 0x611220, 0xc42005f560, 0x0, 0xc4200f3500)
	/tmp/go-fuzz-build463849721/gopath/src/gx/ipfs/QmcrriCMhjb5ZWzmPNxmP53px47tSPcXBNaMtLdgcKFJYk/refmt/shared/pump.go:31 +0xa3 fp=0xc420049d70 sp=0xc420049d18 pc=0x57ae23
gx/ipfs/QmcrriCMhjb5ZWzmPNxmP53px47tSPcXBNaMtLdgcKFJYk/refmt/cbor.(*Unmarshaller).Unmarshal(0xc4200829c0, 0x5b15a0, 0xc42000e530, 0xc420082390, 0xc42007e4a0)
	/tmp/go-fuzz-build463849721/gopath/src/gx/ipfs/QmcrriCMhjb5ZWzmPNxmP53px47tSPcXBNaMtLdgcKFJYk/refmt/cbor/cborHelpers.go:90 +0x9d fp=0xc420049db0 sp=0xc420049d70 pc=0x59810d
gx/ipfs/QmcrriCMhjb5ZWzmPNxmP53px47tSPcXBNaMtLdgcKFJYk/refmt/cbor.UnmarshalAtlased(0x7f44e7b6d000, 0x8, 0x200000, 0x5b15a0, 0xc42000e530, 0xc420082360, 0xc420082390, 0xc42007e4a0, 0xc420049e01, 0xc42000e530)
	/tmp/go-fuzz-build463849721/gopath/src/gx/ipfs/QmcrriCMhjb5ZWzmPNxmP53px47tSPcXBNaMtLdgcKFJYk/refmt/cbor/cborHelpers.go:78 +0xe3 fp=0xc420049df0 sp=0xc420049db0 pc=0x598033
github.com/ipfs/go-ipld-cbor.DecodeInto(0x7f44e7b6d000, 0x8, 0x200000, 0x5b15a0, 0xc42000e530, 0xc420049ef0, 0x472ec7)
	/tmp/go-fuzz-build463849721/gopath/src/github.com/ipfs/go-ipld-cbor/node.go:158 +0x8e fp=0xc420049e50 sp=0xc420049df0 pc=0x599cee
github.com/ipfs/go-ipld-cbor.Decode(0x7f44e7b6d000, 0x8, 0x200000, 0x12, 0xffffffffffffffff, 0xc420049ef0, 0x46aec6, 0x5aa6af19)
	/tmp/go-fuzz-build463849721/gopath/src/github.com/ipfs/go-ipld-cbor/node.go:146 +0x86 fp=0xc420049ea0 sp=0xc420049e50 pc=0x599b76
github.com/ipfs/go-ipld-cbor.Fuzz(0x7f44e7b6d000, 0x8, 0x200000, 0x3)
	/tmp/go-fuzz-build463849721/gopath/src/github.com/ipfs/go-ipld-cbor/node_fuzz.go:12 +0x6d fp=0xc420049f00 sp=0xc420049ea0 pc=0x59df4d
go-fuzz-dep.Main(0x5fb958)
	/tmp/go-fuzz-build463849721/goroot/src/go-fuzz-dep/main.go:49 +0xad fp=0xc420049f70 sp=0xc420049f00 pc=0x472d4d
main.main()
	/tmp/go-fuzz-build463849721/gopath/src/github.com/ipfs/go-ipld-cbor/go.fuzz.main/main.go:10 +0x2d fp=0xc420049f88 sp=0xc420049f70 pc=0x59eecd
runtime.main()
	/tmp/go-fuzz-build463849721/goroot/src/runtime/proc.go:198 +0x212 fp=0xc420049fe0 sp=0xc420049f88 pc=0x42a3c2
runtime.goexit()
	/tmp/go-fuzz-build463849721/goroot/src/runtime/asm_amd64.s:2361 +0x1 fp=0xc420049fe8 sp=0xc420049fe0 pc=0x452331
exit status 2